\BOOKMARK [1][-]{section.1}{Introduction}{}% 1
\BOOKMARK [1][-]{section.2}{Getting Started}{}% 2
\BOOKMARK [2][-]{subsection.2.1}{Setup}{section.2}% 3
\BOOKMARK [3][-]{subsubsection.2.1.1}{Saffire Setup}{subsection.2.1}% 4
\BOOKMARK [3][-]{subsubsection.2.1.2}{Using Live}{subsection.2.1}% 5
\BOOKMARK [3][-]{subsubsection.2.1.3}{Using Pro Tools}{subsection.2.1}% 6
\BOOKMARK [3][-]{subsubsection.2.1.4}{Using Other DAWs}{subsection.2.1}% 7
\BOOKMARK [3][-]{subsubsection.2.1.5}{MIDI-only Setups}{subsection.2.1}% 8
\BOOKMARK [2][-]{subsection.2.2}{Controls}{section.2}% 9
\BOOKMARK [3][-]{subsubsection.2.2.1}{Pixel}{subsection.2.2}% 10
\BOOKMARK [3][-]{subsubsection.2.2.2}{Routine}{subsection.2.2}% 11
\BOOKMARK [3][-]{subsubsection.2.2.3}{Luminosity}{subsection.2.2}% 12
\BOOKMARK [3][-]{subsubsection.2.2.4}{Delay}{subsection.2.2}% 13
\BOOKMARK [3][-]{subsubsection.2.2.5}{Pixel Method}{subsection.2.2}% 14
\BOOKMARK [3][-]{subsubsection.2.2.6}{Luminosity Method}{subsection.2.2}% 15
\BOOKMARK [2][-]{subsection.2.3}{The Pixel Parameter}{section.2}% 16
\BOOKMARK [1][-]{section.3}{The Routines}{}% 17
\BOOKMARK [2][-]{subsection.3.1}{Routine 0: Off}{section.3}% 18
\BOOKMARK [2][-]{subsection.3.2}{Routine 1: Single}{section.3}% 19
\BOOKMARK [2][-]{subsection.3.3}{Routine 2: Spectrum}{section.3}% 20
\BOOKMARK [2][-]{subsection.3.4}{Routine 3: Spectrum Chase}{section.3}% 21
\BOOKMARK [2][-]{subsection.3.5}{Routine 4: Double Spectrum Chase}{section.3}% 22
\BOOKMARK [2][-]{subsection.3.6}{Routine 5: Diad}{section.3}% 23
\BOOKMARK [2][-]{subsection.3.7}{Routine 6: Triad}{section.3}% 24
\BOOKMARK [2][-]{subsection.3.8}{Routine 7: Triad Chase}{section.3}% 25
\BOOKMARK [2][-]{subsection.3.9}{Routine 8: Tetrad}{section.3}% 26
\BOOKMARK [2][-]{subsection.3.10}{Routine 9: Skinny Tetrad}{section.3}% 27
\BOOKMARK [2][-]{subsection.3.11}{Routine 10: Mono}{section.3}% 28
\BOOKMARK [2][-]{subsection.3.12}{Routine 11: Hemisphere}{section.3}% 29
\BOOKMARK [2][-]{subsection.3.13}{Routine 12: Trisect}{section.3}% 30
\BOOKMARK [2][-]{subsection.3.14}{Routine 13: Quadrant}{section.3}% 31
\BOOKMARK [2][-]{subsection.3.15}{Routine 14: Outsider}{section.3}% 32
\BOOKMARK [2][-]{subsection.3.16}{Routine 15: Outsider Triad}{section.3}% 33
\BOOKMARK [2][-]{subsection.3.17}{Routine 16: Outsider Tetrad}{section.3}% 34
\BOOKMARK [1][-]{section.4}{Coding}{}% 35
\BOOKMARK [2][-]{subsection.4.1}{Arduino}{section.4}% 36
\BOOKMARK [2][-]{subsection.4.2}{Pure Data}{section.4}% 37
\BOOKMARK [2][-]{subsection.4.3}{Manual}{section.4}% 38
